<?xml version="1.0" encoding="UTF-8"?>
<!-- Generated by org.testng.reporters.JUnitXMLReporter -->
<testsuite hostname="KAJAL" ignored="0" name="Test" tests="2" failures="2" timestamp="2021-04-18T09:11:46 IST" time="76.675" errors="0">
  <testcase name="totalValidation" time="39.887" classname="practice.AppiumFramework.TestCase1">
    <failure type="java.lang.NullPointerException">
      <![CDATA[java.lang.NullPointerException
at practice.AppiumFramework.TestCase1.totalValidation(TestCase1.java:112)
at java.util.ArrayList.forEach(ArrayList.java:1259)
... Removed 31 stack frames]]>
    </failure>
  </testcase> <!-- totalValidation -->
  <testcase name="totalValidation" time="35.816" classname="practice.AppiumFramework.TestCase1">
    <failure type="java.lang.NullPointerException">
      <![CDATA[java.lang.NullPointerException
at practice.AppiumFramework.TestCase1.totalValidation(TestCase1.java:112)
at java.util.ArrayList.forEach(ArrayList.java:1259)
... Removed 31 stack frames]]>
    </failure>
  </testcase> <!-- totalValidation -->
</testsuite> <!-- Test -->
